<?xml version="1.0" encoding="UTF-8"?>
<!-- Generated by org.testng.reporters.JUnitReportReporter -->
<testsuite hostname="rdtfbb9" name="pack.Configuration" tests="1" failures="0" timestamp="18 Aug 2016 10:36:21 GMT" time="83.140" errors="0">
  <testcase name="searchTescoStore" time="83.140" classname="pack.Configuration"/>
</testsuite> <!-- pack.Configuration -->
